<?xml version="1.0" encoding="UTF-8"?>
<testsuite xmlns:xsi="http://www.w3.org/2001/XMLSchema-instance" xsi:noNamespaceSchemaLocation="https://maven.apache.org/surefire/maven-surefire-plugin/xsd/surefire-test-report-3.0.xsd" version="3.0" name="service.AuthenticationServiceImplTest" time="2.31" tests="8" errors="0" skipped="0" failures="0">
  <properties>
[...]
</properties>
  <testcase name="testLogoutTokenNotFound" classname="service.AuthenticationServiceImplTest" time="2.175">
    <system-out><![CDATA[2025-06-04T07:03:12.830731800Z main DEBUG Apache Log4j Core 2.23 initializing configuration XmlConfiguration[location=C:\TTTN\POS PROJECT\target\classes\log4j2.xml]
2025-06-04T07:03:12.832783600Z main DEBUG PluginManager 'Core' found 131 plugins
2025-06-04T07:03:12.832783600Z main DEBUG PluginManager 'Level' found 0 plugins
2025-06-04T07:03:12.836969500Z main DEBUG PluginManager 'Lookup' found 16 plugins
2025-06-04T07:03:12.837970700Z main DEBUG Building Plugin[name=layout, class=org.apache.logging.log4j.core.layout.PatternLayout].
2025-06-04T07:03:12.848106900Z main DEBUG PluginManager 'TypeConverter' found 26 plugins
2025-06-04T07:03:12.862273500Z main DEBUG PatternLayout$Builder(pattern="[%-5level] %d{dd-MM-yyyy HH:mm:ss} [%t] %c{1} - %msg%n", PatternSelector=null, Configuration(C:\TTTN\POS PROJECT\target\classes\log4j2.xml), Replace=null, charset="null", alwaysWriteExceptions="null", disableAnsi="null", noConsoleNoAnsi="null", header="null", footer="null")
2025-06-04T07:03:12.862273500Z main DEBUG PluginManager 'Converter' found 45 plugins
2025-06-04T07:03:12.868112700Z main DEBUG Building Plugin[name=appender, class=org.apache.logging.log4j.core.appender.ConsoleAppender].
2025-06-04T07:03:12.874600400Z main DEBUG ConsoleAppender$Builder(target="SYSTEM_OUT", follow="null", direct="null", bufferedIo="null", bufferSize="null", immediateFlush="null", ignoreExceptions="null", PatternLayout([%-5level] %d{dd-MM-yyyy HH:mm:ss} [%t] %c{1} - %msg%n), name="LogToConsole", Configuration(C:\TTTN\POS PROJECT\target\classes\log4j2.xml), Filter=null, ={})
2025-06-04T07:03:12.878334700Z main DEBUG Starting OutputStreamManager SYSTEM_OUT.false.false
2025-06-04T07:03:12.878334700Z main DEBUG Building Plugin[name=layout, class=org.apache.logging.log4j.core.layout.PatternLayout].
2025-06-04T07:03:12.878334700Z main DEBUG PatternLayout$Builder(pattern="[%-5level] %d{dd-MM-yyyy HH:mm:ss} [%t] %c{1} - %msg%n", PatternSelector=null, Configuration(C:\TTTN\POS PROJECT\target\classes\log4j2.xml), Replace=null, charset="null", alwaysWriteExceptions="null", disableAnsi="null", noConsoleNoAnsi="null", header="null", footer="null")
2025-06-04T07:03:12.879533300Z main DEBUG Building Plugin[name=TimeBasedTriggeringPolicy, class=org.apache.logging.log4j.core.appender.rolling.TimeBasedTriggeringPolicy].
2025-06-04T07:03:12.883804100Z main DEBUG TimeBasedTriggeringPolicy$Builder(interval="1", modulate="true", maxRandomDelay="null")
2025-06-04T07:03:12.884857800Z main DEBUG Building Plugin[name=SizeBasedTriggeringPolicy, class=org.apache.logging.log4j.core.appender.rolling.SizeBasedTriggeringPolicy].
2025-06-04T07:03:12.889352500Z main DEBUG createPolicy(size="10 MB")
2025-06-04T07:03:12.891694500Z main DEBUG Building Plugin[name=Policies, class=org.apache.logging.log4j.core.appender.rolling.CompositeTriggeringPolicy].
2025-06-04T07:03:12.892699900Z main DEBUG createPolicy(={TimeBasedTriggeringPolicy(nextRolloverMillis=0, interval=1, modulate=true), SizeBasedTriggeringPolicy(size=10485760)})
2025-06-04T07:03:12.892699900Z main DEBUG Building Plugin[name=DefaultRolloverStrategy, class=org.apache.logging.log4j.core.appender.rolling.DefaultRolloverStrategy].
2025-06-04T07:03:12.895787900Z main DEBUG DefaultRolloverStrategy$Builder(max="10", min="null", fileIndex="null", compressionLevel="null", ={}, stopCustomActionsOnError="null", tempCompressedFilePattern="null", Configuration(C:\TTTN\POS PROJECT\target\classes\log4j2.xml))
2025-06-04T07:03:12.895787900Z main DEBUG Building Plugin[name=appender, class=org.apache.logging.log4j.core.appender.RollingFileAppender].
2025-06-04T07:03:12.898159100Z main DEBUG RollingFileAppender$Builder(fileName="logs/POS.log", filePattern="logs/POS-%d{yyyy-MM-dd}-%i.log", append="null", locking="null", Policies(CompositeTriggeringPolicy(policies=[TimeBasedTriggeringPolicy(nextRolloverMillis=0, interval=1, modulate=true), SizeBasedTriggeringPolicy(size=10485760)])), DefaultRolloverStrategy(DefaultRolloverStrategy(min=1, max=10, useMax=true)), advertise="null", advertiseUri="null", createOnDemand="null", filePermissions="null", fileOwner="null", fileGroup="null", bufferedIo="null", bufferSize="null", immediateFlush="null", ignoreExceptions="null", PatternLayout([%-5level] %d{dd-MM-yyyy HH:mm:ss} [%t] %c{1} - %msg%n), name="RollingFile", Configuration(C:\TTTN\POS PROJECT\target\classes\log4j2.xml), Filter=null, ={})
2025-06-04T07:03:12.904618700Z main DEBUG Returning file creation time for C:\TTTN\POS PROJECT\logs\POS.log
2025-06-04T07:03:12.904618700Z main DEBUG Starting RollingFileManager logs/POS.log
2025-06-04T07:03:12.907083100Z main DEBUG PluginManager 'FileConverter' found 2 plugins
2025-06-04T07:03:12.911357200Z main DEBUG Setting prev file time to 2025-05-31T14:01:37.099+0700
2025-06-04T07:03:12.911357200Z main DEBUG Initializing triggering policy CompositeTriggeringPolicy(policies=[TimeBasedTriggeringPolicy(nextRolloverMillis=0, interval=1, modulate=true), SizeBasedTriggeringPolicy(size=10485760)])
2025-06-04T07:03:12.911357200Z main DEBUG Initializing triggering policy TimeBasedTriggeringPolicy(nextRolloverMillis=0, interval=1, modulate=true)
2025-06-04T07:03:12.912378100Z main DEBUG Initializing triggering policy SizeBasedTriggeringPolicy(size=10485760)
2025-06-04T07:03:12.912378100Z main DEBUG Building Plugin[name=appenders, class=org.apache.logging.log4j.core.config.AppendersPlugin].
2025-06-04T07:03:12.912378100Z main DEBUG createAppenders(={LogToConsole, RollingFile})
2025-06-04T07:03:12.912378100Z main DEBUG Building Plugin[name=AppenderRef, class=org.apache.logging.log4j.core.config.AppenderRef].
2025-06-04T07:03:12.913874500Z main DEBUG createAppenderRef(ref="RollingFile", level="null", Filter=null)
2025-06-04T07:03:12.914879900Z main DEBUG Building Plugin[name=AppenderRef, class=org.apache.logging.log4j.core.config.AppenderRef].
2025-06-04T07:03:12.914879900Z main DEBUG createAppenderRef(ref="LogToConsole", level="null", Filter=null)
2025-06-04T07:03:12.914879900Z main DEBUG Building Plugin[name=logger, class=org.apache.logging.log4j.core.config.LoggerConfig].
2025-06-04T07:03:12.916879700Z main DEBUG LoggerConfig$Builder(additivity="false", level="DEBUG", levelAndRefs="null", name="PointOfSale", includeLocation="null", ={RollingFile, LogToConsole}, ={}, Configuration(C:\TTTN\POS PROJECT\target\classes\log4j2.xml), Filter=null)
2025-06-04T07:03:12.920139Z main DEBUG Building Plugin[name=AppenderRef, class=org.apache.logging.log4j.core.config.AppenderRef].
2025-06-04T07:03:12.920139Z main DEBUG createAppenderRef(ref="LogToConsole", level="null", Filter=null)
2025-06-04T07:03:12.920139Z main DEBUG Building Plugin[name=AppenderRef, class=org.apache.logging.log4j.core.config.AppenderRef].
2025-06-04T07:03:12.920139Z main DEBUG createAppenderRef(ref="RollingFile", level="null", Filter=null)
2025-06-04T07:03:12.921152300Z main DEBUG Building Plugin[name=root, class=org.apache.logging.log4j.core.config.LoggerConfig$RootLogger].
2025-06-04T07:03:12.922217900Z main DEBUG LoggerConfig$RootLogger$Builder(additivity="null", level="INFO", levelAndRefs="null", includeLocation="null", ={LogToConsole, RollingFile}, ={}, Configuration(C:\TTTN\POS PROJECT\target\classes\log4j2.xml), Filter=null)
2025-06-04T07:03:12.923472500Z main DEBUG Building Plugin[name=loggers, class=org.apache.logging.log4j.core.config.LoggersPlugin].
2025-06-04T07:03:12.924480600Z main DEBUG createLoggers(={PointOfSale, root})
2025-06-04T07:03:12.925480400Z main DEBUG Configuration XmlConfiguration[location=C:\TTTN\POS PROJECT\target\classes\log4j2.xml] initialized
2025-06-04T07:03:12.925480400Z main DEBUG Starting configuration XmlConfiguration[location=C:\TTTN\POS PROJECT\target\classes\log4j2.xml]
2025-06-04T07:03:12.925480400Z main DEBUG Started configuration XmlConfiguration[location=C:\TTTN\POS PROJECT\target\classes\log4j2.xml] OK.
2025-06-04T07:03:12.926870200Z main DEBUG Shutting down OutputStreamManager SYSTEM_OUT.false.false-1
2025-06-04T07:03:12.926870200Z main DEBUG OutputStream closed
2025-06-04T07:03:12.927875900Z main DEBUG Shut down OutputStreamManager SYSTEM_OUT.false.false-1, all resources released: true
2025-06-04T07:03:12.927875900Z main DEBUG Appender DefaultConsole-1 stopped with status true
2025-06-04T07:03:12.927875900Z main DEBUG Stopped org.apache.logging.log4j.core.config.DefaultConfiguration@6331250e OK
2025-06-04T07:03:13.086310900Z main DEBUG Registering MBean org.apache.logging.log4j2:type=70dea4e
2025-06-04T07:03:13.089942400Z main DEBUG Registering MBean org.apache.logging.log4j2:type=70dea4e,component=StatusLogger
2025-06-04T07:03:13.092473600Z main DEBUG Registering MBean org.apache.logging.log4j2:type=70dea4e,component=ContextSelector
2025-06-04T07:03:13.094493Z main DEBUG Registering MBean org.apache.logging.log4j2:type=70dea4e,component=Loggers,name=
2025-06-04T07:03:13.095500400Z main DEBUG Registering MBean org.apache.logging.log4j2:type=70dea4e,component=Loggers,name=PointOfSale
2025-06-04T07:03:13.096509Z main DEBUG Registering MBean org.apache.logging.log4j2:type=70dea4e,component=Appenders,name=LogToConsole
2025-06-04T07:03:13.097518600Z main DEBUG Registering MBean org.apache.logging.log4j2:type=70dea4e,component=Appenders,name=RollingFile
2025-06-04T07:03:13.099543900Z main DEBUG org.apache.logging.log4j.core.util.SystemClock supports precise timestamps.
2025-06-04T07:03:13.100556500Z main DEBUG Reconfiguration complete for context[name=70dea4e] at URI C:\TTTN\POS PROJECT\target\classes\log4j2.xml (org.apache.logging.log4j.core.LoggerContext@3e6534e7) with optional ClassLoader: null
2025-06-04T07:03:13.100556500Z main DEBUG Shutdown hook enabled. Registering a new one.
2025-06-04T07:03:13.101567Z main DEBUG LoggerContext[name=70dea4e, org.apache.logging.log4j.core.LoggerContext@3e6534e7] started OK.
[WARN ] 04-06-2025 14:03:13 [main] AuthenticationService - Logout failed: Token not found
2025-06-04T07:03:13.507139700Z main DEBUG Formatting file name. useCurrentTime=false. currentFileTime=1749020593505, prevFileTime=1748624400000
2025-06-04T07:03:13.509502300Z main DEBUG Current file: logs/POS.log
2025-06-04T07:03:13.510781700Z main DEBUG Eligible files: {}
2025-06-04T07:03:13.512246700Z main DEBUG Formatting file name. useCurrentTime=false. currentFileTime=1749020593505, prevFileTime=1748624400000
2025-06-04T07:03:13.513697500Z main DEBUG OutputStream closed
2025-06-04T07:03:13.514708200Z main DEBUG RollingFileManager executing synchronous FileRenameAction[logs\POS.log to logs\POS-2025-05-31-1.log, renameEmptyFiles=false]
2025-06-04T07:03:13.517733200Z main DEBUG Now writing to logs/POS.log at 2025-06-04T14:03:13.517+0700
]]></system-out>
    <system-err><![CDATA[Mockito is currently self-attaching to enable the inline-mock-maker. This will no longer work in future releases of the JDK. Please add Mockito as an agent to your build as described in Mockito's documentation: https://javadoc.io/doc/org.mockito/mockito-core/latest/org.mockito/org/mockito/Mockito.html#0.3
WARNING: A Java agent has been loaded dynamically (C:\Users\shido\.m2\repository\net\bytebuddy\byte-buddy-agent\1.17.5\byte-buddy-agent-1.17.5.jar)
WARNING: If a serviceability tool is in use, please run with -XX:+EnableDynamicAgentLoading to hide this warning
WARNING: If a serviceability tool is not in use, please run with -Djdk.instrument.traceUsage for more information
WARNING: Dynamic loading of agents will be disallowed by default in a future release
]]></system-err>
  </testcase>
  <testcase name="testGetUserFromTokenInvalid" classname="service.AuthenticationServiceImplTest" time="0.017">
    <system-out><![CDATA[[WARN ] 04-06-2025 14:03:13 [main] AuthenticationService - Token không hợp lệ hoặc đã hết hạn: token123
]]></system-out>
  </testcase>
  <testcase name="testLoginWithValidEmployee" classname="service.AuthenticationServiceImplTest" time="0.02">
    <system-out><![CDATA[[INFO ] 04-06-2025 14:03:13 [main] AuthenticationService - Login attempt for identifier: user
[INFO ] 04-06-2025 14:03:13 [main] AuthenticationService - Employee login successful for identifier: user
]]></system-out>
  </testcase>
  <testcase name="testLogoutSuccess" classname="service.AuthenticationServiceImplTest" time="0.007"/>
  <testcase name="testLoginWithValidOwner" classname="service.AuthenticationServiceImplTest" time="0.012">
    <system-out><![CDATA[[INFO ] 04-06-2025 14:03:13 [main] AuthenticationService - Login attempt for identifier: user
[INFO ] 04-06-2025 14:03:13 [main] AuthenticationService - Owner login successful for identifier: user
]]></system-out>
  </testcase>
  <testcase name="testLoginWithWrongPasswordForEmployee" classname="service.AuthenticationServiceImplTest" time="0.009">
    <system-out><![CDATA[[INFO ] 04-06-2025 14:03:13 [main] AuthenticationService - Login attempt for identifier: user
[WARN ] 04-06-2025 14:03:13 [main] AuthenticationService - Incorrect password for employee identifier: user
]]></system-out>
  </testcase>
  <testcase name="testGetUserFromTokenValid" classname="service.AuthenticationServiceImplTest" time="0.004"/>
  <testcase name="testLoginWithInvalidUsername" classname="service.AuthenticationServiceImplTest" time="0.008">
    <system-out><![CDATA[[INFO ] 04-06-2025 14:03:13 [main] AuthenticationService - Login attempt for identifier: unknown
[WARN ] 04-06-2025 14:03:13 [main] AuthenticationService - No account found with identifier: unknown
]]></system-out>
  </testcase>
</testsuite>