<?xml version="1.0" encoding="UTF-8"?>
<testsuite xmlns:xsi="http://www.w3.org/2001/XMLSchema-instance" xsi:noNamespaceSchemaLocation="https://maven.apache.org/surefire/maven-surefire-plugin/xsd/surefire-test-report-3.0.xsd" version="3.0" name="service.ProductServiceImplTest" time="0.106" tests="6" errors="0" skipped="0" failures="0">
  <properties>
[...]
</properties>
  <testcase name="testExistsByNameAndSize_ProductNotFound" classname="service.ProductServiceImplTest" time="0.047"/>
  <testcase name="testGetAllProducts_Success" classname="service.ProductServiceImplTest" time="0.002"/>
  <testcase name="testPopulateEAN13ForExistingProducts_PopulatesMissingEAN13" classname="service.ProductServiceImplTest" time="0.048"/>
  <testcase name="testGetProductByNameAndSize_NotFound" classname="service.ProductServiceImplTest" time="0.002"/>
  <testcase name="testExistsByNameAndSize_ProductExists" classname="service.ProductServiceImplTest" time="0.002"/>
  <testcase name="testGetProductByNameAndSize_Found" classname="service.ProductServiceImplTest" time="0.002"/>
</testsuite>